build/app/intermediates/manifest_merge_blame_file/debug/manifest-merger-blame-debug-report.txt
1<?xml version="1.0" encoding="utf-8"?>
2<manifest xmlns:android="http://schemas.android.com/apk/res/android"
3    package="pucminas.br.projeto_agenda.agenda"
4    android:versionCode="1"
5    android:versionName="1.0.0" >
6
7    <uses-sdk
8        android:minSdkVersion="21"
9        android:targetSdkVersion="30" />
10    <!--
11         Flutter needs it to communicate with the running application
12         to allow setting breakpoints, to provide hot reload, etc.
13    -->
14    <uses-permission android:name="android.permission.INTERNET" />
14-->src/debug/AndroidManifest.xml:6:5-66
14-->src/debug/AndroidManifest.xml:6:22-64
15    <uses-permission android:name="android.permission.ACCESS_NETWORK_STATE" />
15-->[com.firebaseui:firebase-ui-auth:6.4.0] AndroidManifest.xml:12:5-79
15-->[com.firebaseui:firebase-ui-auth:6.4.0] AndroidManifest.xml:12:22-76
16    <uses-permission android:name="android.permission.WAKE_LOCK" />
16-->[com.google.android.gms:play-services-measurement-api:19.0.0] AndroidManifest.xml:24:5-68
16-->[com.google.android.gms:play-services-measurement-api:19.0.0] AndroidManifest.xml:24:22-65
17    <uses-permission android:name="com.google.android.finsky.permission.BIND_GET_INSTALL_REFERRER_SERVICE" />
17-->[com.google.android.gms:play-services-measurement:19.0.0] AndroidManifest.xml:26:5-110
17-->[com.google.android.gms:play-services-measurement:19.0.0] AndroidManifest.xml:26:22-107
18
19    <application
19-->src/main/AndroidManifest.xml:3:4-40:19
20        android:appComponentFactory="androidx.core.app.CoreComponentFactory"
20-->[androidx.core:core:1.1.0] AndroidManifest.xml:24:18-86
21        android:debuggable="true"
22        android:icon="@mipmap/ic_launcher"
22-->src/main/AndroidManifest.xml:5:9-43
23        android:label="agenda" >
23-->src/main/AndroidManifest.xml:4:9-31
24        <activity
24-->src/main/AndroidManifest.xml:6:9-34:20
25            android:name="pucminas.br.projeto_agenda.agenda.MainActivity"
25-->src/main/AndroidManifest.xml:7:13-41
26            android:configChanges="orientation|keyboardHidden|keyboard|screenSize|smallestScreenSize|locale|layoutDirection|fontScale|screenLayout|density|uiMode"
26-->src/main/AndroidManifest.xml:10:13-163
27            android:hardwareAccelerated="true"
27-->src/main/AndroidManifest.xml:11:13-47
28            android:launchMode="singleTop"
28-->src/main/AndroidManifest.xml:8:13-43
29            android:theme="@style/LaunchTheme"
29-->src/main/AndroidManifest.xml:9:13-47
30            android:windowSoftInputMode="adjustResize" >
30-->src/main/AndroidManifest.xml:12:13-55
31
32            <!--
33                 Specifies an Android theme to apply to this Activity as soon as
34                 the Android process has started. This theme is visible to the user
35                 while the Flutter UI initializes. After that, this theme continues
36                 to determine the Window background behind the Flutter UI.
37            -->
38            <meta-data
38-->src/main/AndroidManifest.xml:17:13-20:17
39                android:name="io.flutter.embedding.android.NormalTheme"
39-->src/main/AndroidManifest.xml:18:15-70
40                android:resource="@style/NormalTheme" />
40-->src/main/AndroidManifest.xml:19:15-52
41            <!--
42                 Displays an Android View that continues showing the launch screen
43                 Drawable until Flutter paints its first frame, then this splash
44                 screen fades out. A splash screen is useful to avoid any visual
45                 gap between the end of Android's launch screen and the painting of
46                 Flutter's first frame.
47            -->
48            <meta-data
48-->src/main/AndroidManifest.xml:26:13-29:17
49                android:name="io.flutter.embedding.android.SplashScreenDrawable"
49-->src/main/AndroidManifest.xml:27:15-79
50                android:resource="@drawable/launch_background" />
50-->src/main/AndroidManifest.xml:28:15-61
51
52            <intent-filter>
52-->src/main/AndroidManifest.xml:30:13-33:29
53                <action android:name="android.intent.action.MAIN" />
53-->src/main/AndroidManifest.xml:31:17-68
53-->src/main/AndroidManifest.xml:31:25-66
54
55                <category android:name="android.intent.category.LAUNCHER" />
55-->src/main/AndroidManifest.xml:32:17-76
55-->src/main/AndroidManifest.xml:32:27-74
56            </intent-filter>
57        </activity>
58        <!--
59             Don't delete the meta-data below.
60             This is used by the Flutter tool to generate GeneratedPluginRegistrant.java
61        -->
62        <meta-data
62-->src/main/AndroidManifest.xml:37:9-39:33
63            android:name="flutterEmbedding"
63-->src/main/AndroidManifest.xml:38:13-44
64            android:value="2" />
64-->src/main/AndroidManifest.xml:39:13-30
65
66        <service
66-->[:firebase_auth] AndroidManifest.xml:8:9-12:19
67            android:name="com.google.firebase.components.ComponentDiscoveryService"
67-->[:firebase_auth] AndroidManifest.xml:8:18-89
68            android:directBootAware="true"
68-->[com.google.firebase:firebase-common:20.0.0] AndroidManifest.xml:35:13-43
69            android:exported="false" >
69-->[com.google.firebase:firebase-auth:21.0.1] AndroidManifest.xml:76:13-37
70            <meta-data
70-->[:firebase_auth] AndroidManifest.xml:9:13-11:85
71                android:name="com.google.firebase.components:io.flutter.plugins.firebase.auth.FlutterFirebaseAuthRegistrar"
71-->[:firebase_auth] AndroidManifest.xml:10:17-124
72                android:value="com.google.firebase.components.ComponentRegistrar" />
72-->[:firebase_auth] AndroidManifest.xml:11:17-82
73            <meta-data
73-->[:firebase_storage] AndroidManifest.xml:9:13-11:85
74                android:name="com.google.firebase.components:io.flutter.plugins.firebase.storage.FlutterFirebaseAppRegistrar"
74-->[:firebase_storage] AndroidManifest.xml:10:17-126
75                android:value="com.google.firebase.components.ComponentRegistrar" />
75-->[:firebase_storage] AndroidManifest.xml:11:17-82
76            <meta-data
76-->[:cloud_firestore] AndroidManifest.xml:9:13-11:85
77                android:name="com.google.firebase.components:io.flutter.plugins.firebase.firestore.FlutterFirebaseFirestoreRegistrar"
77-->[:cloud_firestore] AndroidManifest.xml:10:17-134
78                android:value="com.google.firebase.components.ComponentRegistrar" />
78-->[:cloud_firestore] AndroidManifest.xml:11:17-82
79            <meta-data
79-->[:firebase_core] AndroidManifest.xml:9:13-11:85
80                android:name="com.google.firebase.components:io.flutter.plugins.firebase.core.FlutterFirebaseCoreRegistrar"
80-->[:firebase_core] AndroidManifest.xml:10:17-124
81                android:value="com.google.firebase.components.ComponentRegistrar" />
81-->[:firebase_core] AndroidManifest.xml:11:17-82
82            <meta-data
82-->[com.google.firebase:firebase-auth:21.0.1] AndroidManifest.xml:77:13-79:85
83                android:name="com.google.firebase.components:com.google.firebase.auth.FirebaseAuthRegistrar"
83-->[com.google.firebase:firebase-auth:21.0.1] AndroidManifest.xml:78:17-109
84                android:value="com.google.firebase.components.ComponentRegistrar" />
84-->[com.google.firebase:firebase-auth:21.0.1] AndroidManifest.xml:79:17-82
85            <meta-data
85-->[com.google.firebase:firebase-firestore:23.0.0] AndroidManifest.xml:20:13-22:85
86                android:name="com.google.firebase.components:com.google.firebase.firestore.FirestoreRegistrar"
86-->[com.google.firebase:firebase-firestore:23.0.0] AndroidManifest.xml:21:17-111
87                android:value="com.google.firebase.components.ComponentRegistrar" />
87-->[com.google.firebase:firebase-firestore:23.0.0] AndroidManifest.xml:22:17-82
88            <meta-data
88-->[com.google.firebase:firebase-storage:20.0.0] AndroidManifest.xml:33:13-35:85
89                android:name="com.google.firebase.components:com.google.firebase.storage.StorageRegistrar"
89-->[com.google.firebase:firebase-storage:20.0.0] AndroidManifest.xml:34:17-107
90                android:value="com.google.firebase.components.ComponentRegistrar" />
90-->[com.google.firebase:firebase-storage:20.0.0] AndroidManifest.xml:35:17-82
91            <meta-data
91-->[com.google.android.gms:play-services-measurement-api:19.0.0] AndroidManifest.xml:30:13-32:85
92                android:name="com.google.firebase.components:com.google.firebase.analytics.connector.internal.AnalyticsConnectorRegistrar"
92-->[com.google.android.gms:play-services-measurement-api:19.0.0] AndroidManifest.xml:31:17-139
93                android:value="com.google.firebase.components.ComponentRegistrar" />
93-->[com.google.android.gms:play-services-measurement-api:19.0.0] AndroidManifest.xml:32:17-82
94            <meta-data
94-->[com.google.firebase:firebase-installations:17.0.0] AndroidManifest.xml:18:13-20:85
95                android:name="com.google.firebase.components:com.google.firebase.installations.FirebaseInstallationsRegistrar"
95-->[com.google.firebase:firebase-installations:17.0.0] AndroidManifest.xml:19:17-127
96                android:value="com.google.firebase.components.ComponentRegistrar" />
96-->[com.google.firebase:firebase-installations:17.0.0] AndroidManifest.xml:20:17-82
97        </service>
98
99        <meta-data
99-->[com.firebaseui:firebase-ui-auth:6.4.0] AndroidManifest.xml:16:9-18:69
100            android:name="com.google.android.gms.version"
100-->[com.firebaseui:firebase-ui-auth:6.4.0] AndroidManifest.xml:17:13-58
101            android:value="@integer/google_play_services_version" />
101-->[com.firebaseui:firebase-ui-auth:6.4.0] AndroidManifest.xml:18:13-66
102        <meta-data
102-->[com.firebaseui:firebase-ui-auth:6.4.0] AndroidManifest.xml:19:9-21:63
103            android:name="com.facebook.sdk.ApplicationId"
103-->[com.firebaseui:firebase-ui-auth:6.4.0] AndroidManifest.xml:20:13-58
104            android:value="@string/facebook_application_id" />
104-->[com.firebaseui:firebase-ui-auth:6.4.0] AndroidManifest.xml:21:13-60
105
106        <activity
106-->[com.firebaseui:firebase-ui-auth:6.4.0] AndroidManifest.xml:23:9-27:61
107            android:name="com.firebase.ui.auth.KickoffActivity"
107-->[com.firebaseui:firebase-ui-auth:6.4.0] AndroidManifest.xml:24:13-64
108            android:exported="false"
108-->[com.firebaseui:firebase-ui-auth:6.4.0] AndroidManifest.xml:25:13-37
109            android:label=""
109-->[com.firebaseui:firebase-ui-auth:6.4.0] AndroidManifest.xml:26:13-29
110            android:theme="@style/FirebaseUI.Transparent" />
110-->[com.firebaseui:firebase-ui-auth:6.4.0] AndroidManifest.xml:27:13-58
111        <activity
111-->[com.firebaseui:firebase-ui-auth:6.4.0] AndroidManifest.xml:28:9-32:61
112            android:name="com.firebase.ui.auth.ui.idp.SingleSignInActivity"
112-->[com.firebaseui:firebase-ui-auth:6.4.0] AndroidManifest.xml:29:13-76
113            android:exported="false"
113-->[com.firebaseui:firebase-ui-auth:6.4.0] AndroidManifest.xml:30:13-37
114            android:label=""
114-->[com.firebaseui:firebase-ui-auth:6.4.0] AndroidManifest.xml:31:13-29
115            android:theme="@style/FirebaseUI.Transparent" />
115-->[com.firebaseui:firebase-ui-auth:6.4.0] AndroidManifest.xml:32:13-58
116        <activity
116-->[com.firebaseui:firebase-ui-auth:6.4.0] AndroidManifest.xml:33:9-37:61
117            android:name="com.firebase.ui.auth.ui.credentials.CredentialSaveActivity"
117-->[com.firebaseui:firebase-ui-auth:6.4.0] AndroidManifest.xml:34:13-86
118            android:exported="false"
118-->[com.firebaseui:firebase-ui-auth:6.4.0] AndroidManifest.xml:35:13-37
119            android:label=""
119-->[com.firebaseui:firebase-ui-auth:6.4.0] AndroidManifest.xml:36:13-29
120            android:theme="@style/FirebaseUI.Transparent" />
120-->[com.firebaseui:firebase-ui-auth:6.4.0] AndroidManifest.xml:37:13-58
121        <activity
121-->[com.firebaseui:firebase-ui-auth:6.4.0] AndroidManifest.xml:38:9-42:58
122            android:name="com.firebase.ui.auth.ui.email.RecoverPasswordActivity"
122-->[com.firebaseui:firebase-ui-auth:6.4.0] AndroidManifest.xml:39:13-81
123            android:exported="false"
123-->[com.firebaseui:firebase-ui-auth:6.4.0] AndroidManifest.xml:40:13-37
124            android:label="@string/fui_title_recover_password_activity"
124-->[com.firebaseui:firebase-ui-auth:6.4.0] AndroidManifest.xml:41:13-72
125            android:windowSoftInputMode="adjustResize" />
125-->[com.firebaseui:firebase-ui-auth:6.4.0] AndroidManifest.xml:42:13-55
126        <activity
126-->[com.firebaseui:firebase-ui-auth:6.4.0] AndroidManifest.xml:43:9-47:58
127            android:name="com.firebase.ui.auth.ui.email.EmailActivity"
127-->[com.firebaseui:firebase-ui-auth:6.4.0] AndroidManifest.xml:44:13-71
128            android:exported="false"
128-->[com.firebaseui:firebase-ui-auth:6.4.0] AndroidManifest.xml:45:13-37
129            android:label="@string/fui_sign_in_default"
129-->[com.firebaseui:firebase-ui-auth:6.4.0] AndroidManifest.xml:46:13-56
130            android:windowSoftInputMode="adjustResize" />
130-->[com.firebaseui:firebase-ui-auth:6.4.0] AndroidManifest.xml:47:13-55
131        <activity
131-->[com.firebaseui:firebase-ui-auth:6.4.0] AndroidManifest.xml:48:9-52:77
132            android:name="com.firebase.ui.auth.ui.phone.PhoneActivity"
132-->[com.firebaseui:firebase-ui-auth:6.4.0] AndroidManifest.xml:49:13-71
133            android:exported="false"
133-->[com.firebaseui:firebase-ui-auth:6.4.0] AndroidManifest.xml:50:13-37
134            android:label="@string/fui_sign_in_with_phone_number"
134-->[com.firebaseui:firebase-ui-auth:6.4.0] AndroidManifest.xml:51:13-66
135            android:windowSoftInputMode="adjustResize|stateAlwaysVisible" />
135-->[com.firebaseui:firebase-ui-auth:6.4.0] AndroidManifest.xml:52:13-74
136        <activity
136-->[com.firebaseui:firebase-ui-auth:6.4.0] AndroidManifest.xml:53:9-57:58
137            android:name="com.firebase.ui.auth.ui.idp.WelcomeBackIdpPrompt"
137-->[com.firebaseui:firebase-ui-auth:6.4.0] AndroidManifest.xml:54:13-76
138            android:exported="false"
138-->[com.firebaseui:firebase-ui-auth:6.4.0] AndroidManifest.xml:55:13-37
139            android:label="@string/fui_title_welcome_back_idp_prompt"
139-->[com.firebaseui:firebase-ui-auth:6.4.0] AndroidManifest.xml:56:13-70
140            android:windowSoftInputMode="adjustResize" />
140-->[com.firebaseui:firebase-ui-auth:6.4.0] AndroidManifest.xml:57:13-55
141        <activity
141-->[com.firebaseui:firebase-ui-auth:6.4.0] AndroidManifest.xml:58:9-62:58
142            android:name="com.firebase.ui.auth.ui.email.WelcomeBackPasswordPrompt"
142-->[com.firebaseui:firebase-ui-auth:6.4.0] AndroidManifest.xml:59:13-83
143            android:exported="false"
143-->[com.firebaseui:firebase-ui-auth:6.4.0] AndroidManifest.xml:60:13-37
144            android:label="@string/fui_title_welcome_back_password_prompt"
144-->[com.firebaseui:firebase-ui-auth:6.4.0] AndroidManifest.xml:61:13-75
145            android:windowSoftInputMode="adjustResize" />
145-->[com.firebaseui:firebase-ui-auth:6.4.0] AndroidManifest.xml:62:13-55
146        <activity
146-->[com.firebaseui:firebase-ui-auth:6.4.0] AndroidManifest.xml:63:9-67:58
147            android:name="com.firebase.ui.auth.ui.email.WelcomeBackEmailLinkPrompt"
147-->[com.firebaseui:firebase-ui-auth:6.4.0] AndroidManifest.xml:64:13-84
148            android:exported="false"
148-->[com.firebaseui:firebase-ui-auth:6.4.0] AndroidManifest.xml:65:13-37
149            android:label="@string/fui_title_welcome_back_password_prompt"
149-->[com.firebaseui:firebase-ui-auth:6.4.0] AndroidManifest.xml:66:13-75
150            android:windowSoftInputMode="adjustResize" />
150-->[com.firebaseui:firebase-ui-auth:6.4.0] AndroidManifest.xml:67:13-55
151        <activity
151-->[com.firebaseui:firebase-ui-auth:6.4.0] AndroidManifest.xml:68:9-73:58
152            android:name="com.firebase.ui.auth.ui.email.EmailLinkCatcherActivity"
152-->[com.firebaseui:firebase-ui-auth:6.4.0] AndroidManifest.xml:69:13-82
153            android:exported="false"
153-->[com.firebaseui:firebase-ui-auth:6.4.0] AndroidManifest.xml:70:13-37
154            android:label=""
154-->[com.firebaseui:firebase-ui-auth:6.4.0] AndroidManifest.xml:71:13-29
155            android:theme="@style/FirebaseUI.Transparent"
155-->[com.firebaseui:firebase-ui-auth:6.4.0] AndroidManifest.xml:72:13-58
156            android:windowSoftInputMode="adjustResize" />
156-->[com.firebaseui:firebase-ui-auth:6.4.0] AndroidManifest.xml:73:13-55
157        <activity
157-->[com.firebaseui:firebase-ui-auth:6.4.0] AndroidManifest.xml:74:9-78:58
158            android:name="com.firebase.ui.auth.ui.email.EmailLinkErrorRecoveryActivity"
158-->[com.firebaseui:firebase-ui-auth:6.4.0] AndroidManifest.xml:75:13-88
159            android:exported="false"
159-->[com.firebaseui:firebase-ui-auth:6.4.0] AndroidManifest.xml:76:13-37
160            android:label="@string/fui_sign_in_default"
160-->[com.firebaseui:firebase-ui-auth:6.4.0] AndroidManifest.xml:77:13-56
161            android:windowSoftInputMode="adjustResize" />
161-->[com.firebaseui:firebase-ui-auth:6.4.0] AndroidManifest.xml:78:13-55
162        <activity
162-->[com.firebaseui:firebase-ui-auth:6.4.0] AndroidManifest.xml:79:9-82:65
163            android:name="com.firebase.ui.auth.ui.idp.AuthMethodPickerActivity"
163-->[com.firebaseui:firebase-ui-auth:6.4.0] AndroidManifest.xml:80:13-80
164            android:exported="false"
164-->[com.firebaseui:firebase-ui-auth:6.4.0] AndroidManifest.xml:81:13-37
165            android:label="@string/fui_default_toolbar_title" />
165-->[com.firebaseui:firebase-ui-auth:6.4.0] AndroidManifest.xml:82:13-62
166        <activity
166-->[com.firebaseui:firebase-ui-auth:6.4.0] AndroidManifest.xml:83:9-87:48
167            android:name="com.facebook.FacebookActivity"
167-->[com.firebaseui:firebase-ui-auth:6.4.0] AndroidManifest.xml:84:13-57
168            android:configChanges="keyboard|keyboardHidden|screenLayout|screenSize|orientation"
168-->[com.firebaseui:firebase-ui-auth:6.4.0] AndroidManifest.xml:85:13-96
169            android:label="@string/app_name" />
169-->[com.firebaseui:firebase-ui-auth:6.4.0] AndroidManifest.xml:86:13-45
170        <activity
170-->[com.firebaseui:firebase-ui-auth:6.4.0] AndroidManifest.xml:88:9-100:20
171            android:name="com.facebook.CustomTabActivity"
171-->[com.firebaseui:firebase-ui-auth:6.4.0] AndroidManifest.xml:89:13-58
172            android:exported="true" >
172-->[com.firebaseui:firebase-ui-auth:6.4.0] AndroidManifest.xml:90:13-36
173            <intent-filter>
173-->[com.firebaseui:firebase-ui-auth:6.4.0] AndroidManifest.xml:92:13-99:29
174                <action android:name="android.intent.action.VIEW" />
174-->[com.firebaseui:firebase-ui-auth:6.4.0] AndroidManifest.xml:93:17-69
174-->[com.firebaseui:firebase-ui-auth:6.4.0] AndroidManifest.xml:93:25-66
175
176                <category android:name="android.intent.category.DEFAULT" />
176-->[com.firebaseui:firebase-ui-auth:6.4.0] AndroidManifest.xml:95:17-76
176-->[com.firebaseui:firebase-ui-auth:6.4.0] AndroidManifest.xml:95:27-73
177                <category android:name="android.intent.category.BROWSABLE" />
177-->[com.firebaseui:firebase-ui-auth:6.4.0] AndroidManifest.xml:96:17-78
177-->[com.firebaseui:firebase-ui-auth:6.4.0] AndroidManifest.xml:96:27-75
178
179                <data android:scheme="@string/facebook_login_protocol_scheme" />
179-->[com.firebaseui:firebase-ui-auth:6.4.0] AndroidManifest.xml:98:17-81
179-->[com.firebaseui:firebase-ui-auth:6.4.0] AndroidManifest.xml:98:23-78
180            </intent-filter>
181        </activity>
182
183        <provider
183-->[com.firebaseui:firebase-ui-auth:6.4.0] AndroidManifest.xml:102:9-106:38
184            android:name="com.firebase.ui.auth.data.client.AuthUiInitProvider"
184-->[com.firebaseui:firebase-ui-auth:6.4.0] AndroidManifest.xml:103:13-79
185            android:authorities="pucminas.br.projeto_agenda.agenda.authuiinitprovider"
185-->[com.firebaseui:firebase-ui-auth:6.4.0] AndroidManifest.xml:104:13-70
186            android:exported="false"
186-->[com.firebaseui:firebase-ui-auth:6.4.0] AndroidManifest.xml:105:13-37
187            android:initOrder="90" />
187-->[com.firebaseui:firebase-ui-auth:6.4.0] AndroidManifest.xml:106:13-35
188
189        <activity
189-->[com.google.firebase:firebase-auth:21.0.1] AndroidManifest.xml:27:9-44:20
190            android:name="com.google.firebase.auth.internal.GenericIdpActivity"
190-->[com.google.firebase:firebase-auth:21.0.1] AndroidManifest.xml:28:13-80
191            android:excludeFromRecents="true"
191-->[com.google.firebase:firebase-auth:21.0.1] AndroidManifest.xml:29:13-46
192            android:exported="true"
192-->[com.google.firebase:firebase-auth:21.0.1] AndroidManifest.xml:30:13-36
193            android:launchMode="singleTask"
193-->[com.google.firebase:firebase-auth:21.0.1] AndroidManifest.xml:31:13-44
194            android:theme="@android:style/Theme.Translucent.NoTitleBar" >
194-->[com.google.firebase:firebase-auth:21.0.1] AndroidManifest.xml:32:13-72
195            <intent-filter>
195-->[com.google.firebase:firebase-auth:21.0.1] AndroidManifest.xml:33:13-43:29
196                <action android:name="android.intent.action.VIEW" />
196-->[com.firebaseui:firebase-ui-auth:6.4.0] AndroidManifest.xml:93:17-69
196-->[com.firebaseui:firebase-ui-auth:6.4.0] AndroidManifest.xml:93:25-66
197
198                <category android:name="android.intent.category.DEFAULT" />
198-->[com.firebaseui:firebase-ui-auth:6.4.0] AndroidManifest.xml:95:17-76
198-->[com.firebaseui:firebase-ui-auth:6.4.0] AndroidManifest.xml:95:27-73
199                <category android:name="android.intent.category.BROWSABLE" />
199-->[com.firebaseui:firebase-ui-auth:6.4.0] AndroidManifest.xml:96:17-78
199-->[com.firebaseui:firebase-ui-auth:6.4.0] AndroidManifest.xml:96:27-75
200
201                <data
201-->[com.firebaseui:firebase-ui-auth:6.4.0] AndroidManifest.xml:98:17-81
202                    android:host="firebase.auth"
203                    android:path="/"
204                    android:scheme="genericidp" />
204-->[com.firebaseui:firebase-ui-auth:6.4.0] AndroidManifest.xml:98:23-78
205            </intent-filter>
206        </activity>
207        <activity
207-->[com.google.firebase:firebase-auth:21.0.1] AndroidManifest.xml:45:9-62:20
208            android:name="com.google.firebase.auth.internal.RecaptchaActivity"
208-->[com.google.firebase:firebase-auth:21.0.1] AndroidManifest.xml:46:13-79
209            android:excludeFromRecents="true"
209-->[com.google.firebase:firebase-auth:21.0.1] AndroidManifest.xml:47:13-46
210            android:exported="true"
210-->[com.google.firebase:firebase-auth:21.0.1] AndroidManifest.xml:48:13-36
211            android:launchMode="singleTask"
211-->[com.google.firebase:firebase-auth:21.0.1] AndroidManifest.xml:49:13-44
212            android:theme="@android:style/Theme.Translucent.NoTitleBar" >
212-->[com.google.firebase:firebase-auth:21.0.1] AndroidManifest.xml:50:13-72
213            <intent-filter>
213-->[com.google.firebase:firebase-auth:21.0.1] AndroidManifest.xml:51:13-61:29
214                <action android:name="android.intent.action.VIEW" />
214-->[com.firebaseui:firebase-ui-auth:6.4.0] AndroidManifest.xml:93:17-69
214-->[com.firebaseui:firebase-ui-auth:6.4.0] AndroidManifest.xml:93:25-66
215
216                <category android:name="android.intent.category.DEFAULT" />
216-->[com.firebaseui:firebase-ui-auth:6.4.0] AndroidManifest.xml:95:17-76
216-->[com.firebaseui:firebase-ui-auth:6.4.0] AndroidManifest.xml:95:27-73
217                <category android:name="android.intent.category.BROWSABLE" />
217-->[com.firebaseui:firebase-ui-auth:6.4.0] AndroidManifest.xml:96:17-78
217-->[com.firebaseui:firebase-ui-auth:6.4.0] AndroidManifest.xml:96:27-75
218
219                <data
219-->[com.firebaseui:firebase-ui-auth:6.4.0] AndroidManifest.xml:98:17-81
220                    android:host="firebase.auth"
221                    android:path="/"
222                    android:scheme="recaptcha" />
222-->[com.firebaseui:firebase-ui-auth:6.4.0] AndroidManifest.xml:98:23-78
223            </intent-filter>
224        </activity>
225
226        <service
226-->[com.google.firebase:firebase-auth:21.0.1] AndroidManifest.xml:64:9-73:19
227            android:name="com.google.firebase.auth.api.fallback.service.FirebaseAuthFallbackService"
227-->[com.google.firebase:firebase-auth:21.0.1] AndroidManifest.xml:65:13-101
228            android:enabled="true"
228-->[com.google.firebase:firebase-auth:21.0.1] AndroidManifest.xml:66:13-35
229            android:exported="false" >
229-->[com.google.firebase:firebase-auth:21.0.1] AndroidManifest.xml:67:13-37
230            <intent-filter>
230-->[com.google.firebase:firebase-auth:21.0.1] AndroidManifest.xml:68:13-72:29
231                <action android:name="com.google.firebase.auth.api.gms.service.START" />
231-->[com.google.firebase:firebase-auth:21.0.1] AndroidManifest.xml:69:17-89
231-->[com.google.firebase:firebase-auth:21.0.1] AndroidManifest.xml:69:25-86
232
233                <category android:name="android.intent.category.DEFAULT" />
233-->[com.firebaseui:firebase-ui-auth:6.4.0] AndroidManifest.xml:95:17-76
233-->[com.firebaseui:firebase-ui-auth:6.4.0] AndroidManifest.xml:95:27-73
234            </intent-filter>
235        </service>
236
237        <provider
237-->[com.google.firebase:firebase-common:20.0.0] AndroidManifest.xml:26:9-31:39
238            android:name="com.google.firebase.provider.FirebaseInitProvider"
238-->[com.google.firebase:firebase-common:20.0.0] AndroidManifest.xml:27:13-77
239            android:authorities="pucminas.br.projeto_agenda.agenda.firebaseinitprovider"
239-->[com.google.firebase:firebase-common:20.0.0] AndroidManifest.xml:28:13-72
240            android:directBootAware="true"
240-->[com.google.firebase:firebase-common:20.0.0] AndroidManifest.xml:29:13-43
241            android:exported="false"
241-->[com.google.firebase:firebase-common:20.0.0] AndroidManifest.xml:30:13-37
242            android:initOrder="100" />
242-->[com.google.firebase:firebase-common:20.0.0] AndroidManifest.xml:31:13-36
243
244        <activity
244-->[com.google.android.gms:play-services-auth:17.0.0] AndroidManifest.xml:23:9-27:75
245            android:name="com.google.android.gms.auth.api.signin.internal.SignInHubActivity"
245-->[com.google.android.gms:play-services-auth:17.0.0] AndroidManifest.xml:24:13-93
246            android:excludeFromRecents="true"
246-->[com.google.android.gms:play-services-auth:17.0.0] AndroidManifest.xml:25:13-46
247            android:exported="false"
247-->[com.google.android.gms:play-services-auth:17.0.0] AndroidManifest.xml:26:13-37
248            android:theme="@android:style/Theme.Translucent.NoTitleBar" />
248-->[com.google.android.gms:play-services-auth:17.0.0] AndroidManifest.xml:27:13-72
249        <!--
250            Service handling Google Sign-In user revocation. For apps that do not integrate with
251            Google Sign-In, this service will never be started.
252        -->
253        <service
253-->[com.google.android.gms:play-services-auth:17.0.0] AndroidManifest.xml:33:9-36:110
254            android:name="com.google.android.gms.auth.api.signin.RevocationBoundService"
254-->[com.google.android.gms:play-services-auth:17.0.0] AndroidManifest.xml:34:13-89
255            android:exported="true"
255-->[com.google.android.gms:play-services-auth:17.0.0] AndroidManifest.xml:35:13-36
256            android:permission="com.google.android.gms.auth.api.signin.permission.REVOCATION_NOTIFICATION" />
256-->[com.google.android.gms:play-services-auth:17.0.0] AndroidManifest.xml:36:13-107
257
258        <activity
258-->[com.google.android.gms:play-services-base:17.1.0] AndroidManifest.xml:23:9-26:75
259            android:name="com.google.android.gms.common.api.GoogleApiActivity"
259-->[com.google.android.gms:play-services-base:17.1.0] AndroidManifest.xml:24:13-79
260            android:exported="false"
260-->[com.google.android.gms:play-services-base:17.1.0] AndroidManifest.xml:25:13-37
261            android:theme="@android:style/Theme.Translucent.NoTitleBar" />
261-->[com.google.android.gms:play-services-base:17.1.0] AndroidManifest.xml:26:13-72
262
263        <receiver
263-->[com.google.android.gms:play-services-measurement:19.0.0] AndroidManifest.xml:29:9-33:20
264            android:name="com.google.android.gms.measurement.AppMeasurementReceiver"
264-->[com.google.android.gms:play-services-measurement:19.0.0] AndroidManifest.xml:30:13-85
265            android:enabled="true"
265-->[com.google.android.gms:play-services-measurement:19.0.0] AndroidManifest.xml:31:13-35
266            android:exported="false" >
266-->[com.google.android.gms:play-services-measurement:19.0.0] AndroidManifest.xml:32:13-37
267        </receiver>
268
269        <service
269-->[com.google.android.gms:play-services-measurement:19.0.0] AndroidManifest.xml:35:9-38:40
270            android:name="com.google.android.gms.measurement.AppMeasurementService"
270-->[com.google.android.gms:play-services-measurement:19.0.0] AndroidManifest.xml:36:13-84
271            android:enabled="true"
271-->[com.google.android.gms:play-services-measurement:19.0.0] AndroidManifest.xml:37:13-35
272            android:exported="false" />
272-->[com.google.android.gms:play-services-measurement:19.0.0] AndroidManifest.xml:38:13-37
273        <service
273-->[com.google.android.gms:play-services-measurement:19.0.0] AndroidManifest.xml:39:9-43:72
274            android:name="com.google.android.gms.measurement.AppMeasurementJobService"
274-->[com.google.android.gms:play-services-measurement:19.0.0] AndroidManifest.xml:40:13-87
275            android:enabled="true"